<?xml version="1.0" encoding="UTF-8"?>
<!-- Generated by org.testng.reporters.JUnitXMLReporter -->
<testsuite ignored="1" hostname="EGIDEV057" failures="0" tests="1" name="Error Validations Test" time="19.436" errors="0" timestamp="2022-11-21T11:56:48 IST">
  <testcase classname="SeleniumJava.tests.ErrorValidationsTest" name="loginErrorValidation" time="0.299"/>
  <testcase classname="SeleniumJava.tests.ErrorValidationsTest" name="productErrorValidation" time="0.0">
    <ignored/>
  </testcase> <!-- productErrorValidation -->
</testsuite> <!-- Error Validations Test -->
